--2020-01-29 09:43:13--  http://exoplanetarchive.ipac.caltech.edu/data/KeplerData/011/011030/011030711/tps/kplr011030711_dr25-stellarposterior.txt
Resolving exoplanetarchive.ipac.caltech.edu (exoplanetarchive.ipac.caltech.edu)... 134.4.54.151
Connecting to exoplanetarchive.ipac.caltech.edu (exoplanetarchive.ipac.caltech.edu)|134.4.54.151|:80... connected.
HTTP request sent, awaiting response... 302 Found
Location: https://exoplanetarchive.ipac.caltech.edu/data/KeplerData/011/011030/011030711/tps/kplr011030711_dr25-stellarposterior.txt [following]
--2020-01-29 09:43:13--  https://exoplanetarchive.ipac.caltech.edu/data/KeplerData/011/011030/011030711/tps/kplr011030711_dr25-stellarposterior.txt
Connecting to exoplanetarchive.ipac.caltech.edu (exoplanetarchive.ipac.caltech.edu)|134.4.54.151|:443... connected.
HTTP request sent, awaiting response... 200 OK
Length: 4680155 (4.5M) [text/plain]
Saving to: ‘kplr011030711_dr25-stellarposterior.txt’

     0K .......... .......... .......... .......... ..........  1%  326K 14s
    50K .......... .......... .......... .......... ..........  2%  651K 10s
   100K .......... .......... .......... .......... ..........  3% 81.2M 7s
   150K .......... .......... .......... .......... ..........  4% 91.1M 5s
   200K .......... .......... .......... .......... ..........  5%  658K 5s
   250K .......... .......... .......... .......... ..........  6% 76.4M 4s
   300K .......... .......... .......... .......... ..........  7%  657K 5s
   350K .......... .......... .......... .......... ..........  8%  109M 4s
   400K .......... .......... .......... .......... ..........  9% 83.0M 4s
   450K .......... .......... .......... .......... .......... 10%  115M 3s
   500K .......... .......... .......... .......... .......... 12%  650K 3s
   550K .......... .......... .......... .......... .......... 13% 53.0M 3s
   600K .......... .......... .......... .......... .......... 14%  163M 3s
   650K .......... .......... .......... .......... .......... 15% 68.7M 3s
   700K .......... .......... .......... .......... .......... 16% 48.2M 2s
   750K .......... .......... .......... .......... .......... 17%  654K 3s
   800K .......... .......... .......... .......... .......... 18% 58.3M 2s
   850K .......... .......... .......... .......... .......... 19%  196M 2s
   900K .......... .......... .......... .......... .......... 20%  265M 2s
   950K .......... .......... .......... .......... .......... 21% 67.7M 2s
  1000K .......... .......... .......... .......... .......... 22%  183M 2s
  1050K .......... .......... .......... .......... .......... 24% 64.3M 2s
  1100K .......... .......... .......... .......... .......... 25%  303M 2s
  1150K .......... .......... .......... .......... .......... 26% 26.8M 2s
  1200K .......... .......... .......... .......... .......... 27%  747K 2s
  1250K .......... .......... .......... .......... .......... 28% 57.3M 2s
  1300K .......... .......... .......... .......... .......... 29% 53.1M 1s
  1350K .......... .......... .......... .......... .......... 30%  321M 1s
  1400K .......... .......... .......... .......... .......... 31% 57.0M 1s
  1450K .......... .......... .......... .......... .......... 32%  330M 1s
  1500K .......... .......... .......... .......... .......... 33% 52.2M 1s
  1550K .......... .......... .......... .......... .......... 35%  236M 1s
  1600K .......... .......... .......... .......... .......... 36%  739K 1s
  1650K .......... .......... .......... .......... .......... 37%  287M 1s
  1700K .......... .......... .......... .......... .......... 38% 59.0M 1s
  1750K .......... .......... .......... .......... .......... 39%  239M 1s
  1800K .......... .......... .......... .......... .......... 40% 62.2M 1s
  1850K .......... .......... .......... .......... .......... 41%  321M 1s
  1900K .......... .......... .......... .......... .......... 42%  323M 1s
  1950K .......... .......... .......... .......... .......... 43% 69.7M 1s
  2000K .......... .......... .......... .......... .......... 44%  273M 1s
  2050K .......... .......... .......... .......... .......... 45% 57.9M 1s
  2100K .......... .......... .......... .......... .......... 47%  313M 1s
  2150K .......... .......... .......... .......... .......... 48% 60.2M 1s
  2200K .......... .......... .......... .......... .......... 49%  334M 1s
  2250K .......... .......... .......... .......... .......... 50% 59.0M 1s
  2300K .......... .......... .......... .......... .......... 51%  359M 1s
  2350K .......... .......... .......... .......... .......... 52%  379M 1s
  2400K .......... .......... .......... .......... .......... 53%  766K 1s
  2450K .......... .......... .......... .......... .......... 54% 34.1M 1s
  2500K .......... .......... .......... .......... .......... 55%  281M 1s
  2550K .......... .......... .......... .......... .......... 56% 60.6M 1s
  2600K .......... .......... .......... .......... .......... 57%  315M 1s
  2650K .......... .......... .......... .......... .......... 59% 55.2M 1s
  2700K .......... .......... .......... .......... .......... 60%  346M 1s
  2750K .......... .......... .......... .......... .......... 61% 61.1M 0s
  2800K .......... .......... .......... .......... .......... 62%  277M 0s
  2850K .......... .......... .......... .......... .......... 63% 62.4M 0s
  2900K .......... .......... .......... .......... .......... 64%  282M 0s
  2950K .......... .......... .......... .......... .......... 65%  359M 0s
  3000K .......... .......... .......... .......... .......... 66% 54.7M 0s
  3050K .......... .......... .......... .......... .......... 67%  356M 0s
  3100K .......... .......... .......... .......... .......... 68% 57.6M 0s
  3150K .......... .......... .......... .......... .......... 70%  349M 0s
  3200K .......... .......... .......... .......... .......... 71% 57.6M 0s
  3250K .......... .......... .......... .......... .......... 72%  779K 0s
  3300K .......... .......... .......... .......... .......... 73% 48.2M 0s
  3350K .......... .......... .......... .......... .......... 74%  264M 0s
  3400K .......... .......... .......... .......... .......... 75% 53.5M 0s
  3450K .......... .......... .......... .......... .......... 76%  235M 0s
  3500K .......... .......... .......... .......... .......... 77%  292M 0s
  3550K .......... .......... .......... .......... .......... 78% 73.3M 0s
  3600K .......... .......... .......... .......... .......... 79%  284M 0s
  3650K .......... .......... .......... .......... .......... 80% 61.7M 0s
  3700K .......... .......... .......... .......... .......... 82%  359M 0s
  3750K .......... .......... .......... .......... .......... 83% 65.8M 0s
  3800K .......... .......... .......... .......... .......... 84%  250M 0s
  3850K .......... .......... .......... .......... .......... 85%  376M 0s
  3900K .......... .......... .......... .......... .......... 86% 62.4M 0s
  3950K .......... .......... .......... .......... .......... 87%  370M 0s
  4000K .......... .......... .......... .......... .......... 88% 55.9M 0s
  4050K .......... .......... .......... .......... .......... 89%  364M 0s
  4100K .......... .......... .......... .......... .......... 90% 59.1M 0s
  4150K .......... .......... .......... .......... .......... 91%  282M 0s
  4200K .......... .......... .......... .......... .......... 92%  334M 0s
  4250K .......... .......... .......... .......... .......... 94% 60.8M 0s
  4300K .......... .......... .......... .......... .......... 95%  370M 0s
  4350K .......... .......... .......... .......... .......... 96% 59.3M 0s
  4400K .......... .......... .......... .......... .......... 97%  284M 0s
  4450K .......... .......... .......... .......... .......... 98% 58.1M 0s
  4500K .......... .......... .......... .......... .......... 99%  252M 0s
  4550K .......... ..........                                 100%  204M=0.8s

2020-01-29 09:43:14 (5.31 MB/s) - ‘kplr011030711_dr25-stellarposterior.txt’ saved [4680155/4680155]

