--2020-01-29 09:45:03--  http://exoplanetarchive.ipac.caltech.edu/data/KeplerData/006/006149/006149910/tps/kplr006149910_dr25-stellarposterior.txt
Resolving exoplanetarchive.ipac.caltech.edu (exoplanetarchive.ipac.caltech.edu)... 134.4.54.151
Connecting to exoplanetarchive.ipac.caltech.edu (exoplanetarchive.ipac.caltech.edu)|134.4.54.151|:80... connected.
HTTP request sent, awaiting response... 302 Found
Location: https://exoplanetarchive.ipac.caltech.edu/data/KeplerData/006/006149/006149910/tps/kplr006149910_dr25-stellarposterior.txt [following]
--2020-01-29 09:45:03--  https://exoplanetarchive.ipac.caltech.edu/data/KeplerData/006/006149/006149910/tps/kplr006149910_dr25-stellarposterior.txt
Connecting to exoplanetarchive.ipac.caltech.edu (exoplanetarchive.ipac.caltech.edu)|134.4.54.151|:443... connected.
HTTP request sent, awaiting response... 200 OK
Length: 4680154 (4.5M) [text/plain]
Saving to: ‘kplr006149910_dr25-stellarposterior.txt’

     0K .......... .......... .......... .......... ..........  1%  347K 13s
    50K .......... .......... .......... .......... ..........  2%  695K 10s
   100K .......... .......... .......... .......... ..........  3% 90.4M 6s
   150K .......... .......... .......... .......... ..........  4%  103M 5s
   200K .......... .......... .......... .......... ..........  5%  703K 5s
   250K .......... .......... .......... .......... ..........  6% 54.7M 4s
   300K .......... .......... .......... .......... ..........  7%  730K 4s
   350K .......... .......... .......... .......... ..........  8% 49.1M 4s
   400K .......... .......... .......... .......... ..........  9% 22.7M 3s
   450K .......... .......... .......... .......... .......... 10% 54.2M 3s
   500K .......... .......... .......... .......... .......... 12%  735K 3s
   550K .......... .......... .......... .......... .......... 13%  133M 3s
   600K .......... .......... .......... .......... .......... 14% 53.0M 3s
   650K .......... .......... .......... .......... .......... 15% 19.8M 2s
   700K .......... .......... .......... .......... .......... 16% 52.5M 2s
   750K .......... .......... .......... .......... .......... 17%  755K 2s
   800K .......... .......... .......... .......... .......... 18%  231M 2s
   850K .......... .......... .......... .......... .......... 19% 58.1M 2s
   900K .......... .......... .......... .......... .......... 20%  307M 2s
   950K .......... .......... .......... .......... .......... 21% 63.4M 2s
  1000K .......... .......... .......... .......... .......... 22%  196M 2s
  1050K .......... .......... .......... .......... .......... 24% 39.9M 2s
  1100K .......... .......... .......... .......... .......... 25% 19.3M 2s
  1150K .......... .......... .......... .......... .......... 26%  756K 2s
  1200K .......... .......... .......... .......... .......... 27% 59.4M 2s
  1250K .......... .......... .......... .......... .......... 28%  237M 1s
  1300K .......... .......... .......... .......... .......... 29% 50.0M 1s
  1350K .......... .......... .......... .......... .......... 30%  241M 1s
  1400K .......... .......... .......... .......... .......... 31% 65.6M 1s
  1450K .......... .......... .......... .......... .......... 32% 44.2M 1s
  1500K .......... .......... .......... .......... .......... 33%  228M 1s
  1550K .......... .......... .......... .......... .......... 35%  731K 1s
  1600K .......... .......... .......... .......... .......... 36%  208M 1s
  1650K .......... .......... .......... .......... .......... 37% 59.1M 1s
  1700K .......... .......... .......... .......... .......... 38%  307M 1s
  1750K .......... .......... .......... .......... .......... 39% 63.6M 1s
  1800K .......... .......... .......... .......... .......... 40%  247M 1s
  1850K .......... .......... .......... .......... .......... 41% 63.7M 1s
  1900K .......... .......... .......... .......... .......... 42%  226M 1s
  1950K .......... .......... .......... .......... .......... 43% 58.9M 1s
  2000K .......... .......... .......... .......... .......... 44%  169M 1s
  2050K .......... .......... .......... .......... .......... 45%  250M 1s
  2100K .......... .......... .......... .......... .......... 47% 82.1M 1s
  2150K .......... .......... .......... .......... .......... 48%  238M 1s
  2200K .......... .......... .......... .......... .......... 49%  237M 1s
  2250K .......... .......... .......... .......... .......... 50% 63.5M 1s
  2300K .......... .......... .......... .......... .......... 51%  759K 1s
  2350K .......... .......... .......... .......... .......... 52% 50.1M 1s
  2400K .......... .......... .......... .......... .......... 53% 55.0M 1s
  2450K .......... .......... .......... .......... .......... 54%  187M 1s
  2500K .......... .......... .......... .......... .......... 55% 62.7M 1s
  2550K .......... .......... .......... .......... .......... 56%  330M 1s
  2600K .......... .......... .......... .......... .......... 57% 58.3M 1s
  2650K .......... .......... .......... .......... .......... 59%  229M 0s
  2700K .......... .......... .......... .......... .......... 60% 55.8M 0s
  2750K .......... .......... .......... .......... .......... 61%  323M 0s
  2800K .......... .......... .......... .......... .......... 62% 49.1M 0s
  2850K .......... .......... .......... .......... .......... 63%  337M 0s
  2900K .......... .......... .......... .......... .......... 64% 63.2M 0s
  2950K .......... .......... .......... .......... .......... 65%  256M 0s
  3000K .......... .......... .......... .......... .......... 66% 73.4M 0s
  3050K .......... .......... .......... .......... .......... 67%  245M 0s
  3100K .......... .......... .......... .......... .......... 68%  781K 0s
  3150K .......... .......... .......... .......... .......... 70%  236M 0s
  3200K .......... .......... .......... .......... .......... 71% 63.1M 0s
  3250K .......... .......... .......... .......... .......... 72%  294M 0s
  3300K .......... .......... .......... .......... .......... 73% 53.0M 0s
  3350K .......... .......... .......... .......... .......... 74% 49.9M 0s
  3400K .......... .......... .......... .......... .......... 75% 54.1M 0s
  3450K .......... .......... .......... .......... .......... 76%  160M 0s
  3500K .......... .......... .......... .......... .......... 77% 52.3M 0s
  3550K .......... .......... .......... .......... .......... 78% 48.4M 0s
  3600K .......... .......... .......... .......... .......... 79% 49.4M 0s
  3650K .......... .......... .......... .......... .......... 80%  247M 0s
  3700K .......... .......... .......... .......... .......... 82%  253M 0s
  3750K .......... .......... .......... .......... .......... 83%  253M 0s
  3800K .......... .......... .......... .......... .......... 84%  235M 0s
  3850K .......... .......... .......... .......... .......... 85%  227M 0s
  3900K .......... .......... .......... .......... .......... 86%  254M 0s
  3950K .......... .......... .......... .......... .......... 87%  307M 0s
  4000K .......... .......... .......... .......... .......... 88% 88.1M 0s
  4050K .......... .......... .......... .......... .......... 89%  221M 0s
  4100K .......... .......... .......... .......... .......... 90%  253M 0s
  4150K .......... .......... .......... .......... .......... 91%  334M 0s
  4200K .......... .......... .......... .......... .......... 92% 82.9M 0s
  4250K .......... .......... .......... .......... .......... 94%  313M 0s
  4300K .......... .......... .......... .......... .......... 95% 59.3M 0s
  4350K .......... .......... .......... .......... .......... 96%  332M 0s
  4400K .......... .......... .......... .......... .......... 97%  822K 0s
  4450K .......... .......... .......... .......... .......... 98% 65.6M 0s
  4500K .......... .......... .......... .......... .......... 99%  150M 0s
  4550K .......... ..........                                 100%  220M=0.9s

2020-01-29 09:45:04 (5.17 MB/s) - ‘kplr006149910_dr25-stellarposterior.txt’ saved [4680154/4680154]

