--2022-04-05 13:14:54--  http://exoplanetarchive.ipac.caltech.edu/data/KeplerData/011/011518/011518142/tps/kplr011518142_dr25-stellarposterior.txt
Resolving exoplanetarchive.ipac.caltech.edu (exoplanetarchive.ipac.caltech.edu)... 134.4.54.151
Connecting to exoplanetarchive.ipac.caltech.edu (exoplanetarchive.ipac.caltech.edu)|134.4.54.151|:80... connected.
HTTP request sent, awaiting response... 302 Found
Location: https://exoplanetarchive.ipac.caltech.edu/data/KeplerData/011/011518/011518142/tps/kplr011518142_dr25-stellarposterior.txt [following]
--2022-04-05 13:14:54--  https://exoplanetarchive.ipac.caltech.edu/data/KeplerData/011/011518/011518142/tps/kplr011518142_dr25-stellarposterior.txt
Connecting to exoplanetarchive.ipac.caltech.edu (exoplanetarchive.ipac.caltech.edu)|134.4.54.151|:443... connected.
HTTP request sent, awaiting response... 200 OK
Length: 4680155 (4.5M) [text/plain]
Saving to: ‘kplr011518142_dr25-stellarposterior.txt’

     0K .......... .......... .......... .......... ..........  1%  382K 12s
    50K .......... .......... .......... .......... ..........  2%  776K 9s
   100K .......... .......... .......... .......... ..........  3%  143M 6s
   150K .......... .......... .......... .......... ..........  4%  774K 6s
   200K .......... .......... .......... .......... ..........  5% 64.3M 5s
   250K .......... .......... .......... .......... ..........  6%  193M 4s
   300K .......... .......... .......... .......... ..........  7% 93.0M 3s
   350K .......... .......... .......... .......... ..........  8%  130M 3s
   400K .......... .......... .......... .......... ..........  9%  774K 3s
   450K .......... .......... .......... .......... .......... 10% 84.5M 3s
   500K .......... .......... .......... .......... .......... 12%  108M 2s
   550K .......... .......... .......... .......... .......... 13%  115M 2s
   600K .......... .......... .......... .......... .......... 14% 72.4M 2s
   650K .......... .......... .......... .......... .......... 15% 61.6M 2s
   700K .......... .......... .......... .......... .......... 16%  119M 2s
   750K .......... .......... .......... .......... .......... 17%  191M 2s
   800K .......... .......... .......... .......... .......... 18%  789K 2s
   850K .......... .......... .......... .......... .......... 19%  189M 2s
   900K .......... .......... .......... .......... .......... 20%  131M 2s
   950K .......... .......... .......... .......... .......... 21% 97.5M 1s
  1000K .......... .......... .......... .......... .......... 22% 40.5M 1s
  1050K .......... .......... .......... .......... .......... 24% 50.7M 1s
  1100K .......... .......... .......... .......... .......... 25% 31.8M 1s
  1150K .......... .......... .......... .......... .......... 26%  152M 1s
  1200K .......... .......... .......... .......... .......... 27% 35.4M 1s
  1250K .......... .......... .......... .......... .......... 28%  182M 1s
  1300K .......... .......... .......... .......... .......... 29%  157M 1s
  1350K .......... .......... .......... .......... .......... 30%  160M 1s
  1400K .......... .......... .......... .......... .......... 31%  155M 1s
  1450K .......... .......... .......... .......... .......... 32%  158M 1s
  1500K .......... .......... .......... .......... .......... 33%  198M 1s
  1550K .......... .......... .......... .......... .......... 35%  170M 1s
  1600K .......... .......... .......... .......... .......... 36%  921K 1s
  1650K .......... .......... .......... .......... .......... 37% 18.0M 1s
  1700K .......... .......... .......... .......... .......... 38% 78.4M 1s
  1750K .......... .......... .......... .......... .......... 39%  163M 1s
  1800K .......... .......... .......... .......... .......... 40% 89.8M 1s
  1850K .......... .......... .......... .......... .......... 41%  109M 1s
  1900K .......... .......... .......... .......... .......... 42%  132M 1s
  1950K .......... .......... .......... .......... .......... 43%  204M 1s
  2000K .......... .......... .......... .......... .......... 44% 45.9M 1s
  2050K .......... .......... .......... .......... .......... 45% 84.9M 1s
  2100K .......... .......... .......... .......... .......... 47% 87.8M 1s
  2150K .......... .......... .......... .......... .......... 48%  245M 1s
  2200K .......... .......... .......... .......... .......... 49% 66.5M 0s
  2250K .......... .......... .......... .......... .......... 50%  210M 0s
  2300K .......... .......... .......... .......... .......... 51% 96.9M 0s
  2350K .......... .......... .......... .......... .......... 52% 42.3M 0s
  2400K .......... .......... .......... .......... .......... 53%  128M 0s
  2450K .......... .......... .......... .......... .......... 54% 95.7M 0s
  2500K .......... .......... .......... .......... .......... 55% 75.6M 0s
  2550K .......... .......... .......... .......... .......... 56%  127M 0s
  2600K .......... .......... .......... .......... .......... 57% 96.9M 0s
  2650K .......... .......... .......... .......... .......... 59%  131M 0s
  2700K .......... .......... .......... .......... .......... 60%  142M 0s
  2750K .......... .......... .......... .......... .......... 61%  119M 0s
  2800K .......... .......... .......... .......... .......... 62%  180M 0s
  2850K .......... .......... .......... .......... .......... 63%  966K 0s
  2900K .......... .......... .......... .......... .......... 64%  159M 0s
  2950K .......... .......... .......... .......... .......... 65% 42.6M 0s
  3000K .......... .......... .......... .......... .......... 66% 32.6M 0s
  3050K .......... .......... .......... .......... .......... 67% 64.7M 0s
  3100K .......... .......... .......... .......... .......... 68%  101M 0s
  3150K .......... .......... .......... .......... .......... 70%  210M 0s
  3200K .......... .......... .......... .......... .......... 71% 58.4M 0s
  3250K .......... .......... .......... .......... .......... 72% 67.4M 0s
  3300K .......... .......... .......... .......... .......... 73% 87.5M 0s
  3350K .......... .......... .......... .......... .......... 74%  213M 0s
  3400K .......... .......... .......... .......... .......... 75%  146M 0s
  3450K .......... .......... .......... .......... .......... 76%  171M 0s
  3500K .......... .......... .......... .......... .......... 77%  172M 0s
  3550K .......... .......... .......... .......... .......... 78% 89.1M 0s
  3600K .......... .......... .......... .......... .......... 79% 93.7M 0s
  3650K .......... .......... .......... .......... .......... 80% 47.9M 0s
  3700K .......... .......... .......... .......... .......... 82% 70.3M 0s
  3750K .......... .......... .......... .......... .......... 83%  127M 0s
  3800K .......... .......... .......... .......... .......... 84% 61.8M 0s
  3850K .......... .......... .......... .......... .......... 85% 87.7M 0s
  3900K .......... .......... .......... .......... .......... 86%  111M 0s
  3950K .......... .......... .......... .......... .......... 87%  323M 0s
  4000K .......... .......... .......... .......... .......... 88%  231M 0s
  4050K .......... .......... .......... .......... .......... 89%  253M 0s
  4100K .......... .......... .......... .......... .......... 90%  247M 0s
  4150K .......... .......... .......... .......... .......... 91% 72.7M 0s
  4200K .......... .......... .......... .......... .......... 92%  129M 0s
  4250K .......... .......... .......... .......... .......... 94%  162M 0s
  4300K .......... .......... .......... .......... .......... 95%  265M 0s
  4350K .......... .......... .......... .......... .......... 96% 92.0M 0s
  4400K .......... .......... .......... .......... .......... 97%  121M 0s
  4450K .......... .......... .......... .......... .......... 98% 57.5M 0s
  4500K .......... .......... .......... .......... .......... 99%  162M 0s
  4550K .......... ..........                                 100% 84.3M=0.5s

2022-04-05 13:14:56 (8.27 MB/s) - ‘kplr011518142_dr25-stellarposterior.txt’ saved [4680155/4680155]

